<?xml version="1.0" encoding="UTF-8"?>
<testng-results skipped="0" failed="0" ignored="1" total="2" passed="1">
  <reporter-output>
  </reporter-output>
  <suite name="Default suite" duration-ms="69" started-at="2020-03-25T11:30:56Z" finished-at="2020-03-25T11:30:56Z">
    <groups>
    </groups>
    <test name="Default test" duration-ms="69" started-at="2020-03-25T11:30:56Z" finished-at="2020-03-25T11:30:56Z">
      <class name="com.java.iqadvance.ExpectionTest">
        <test-method status="PASS" signature="get()[pri:0, instance:com.java.iqadvance.ExpectionTest@5e5792a0]" name="get" duration-ms="9" started-at="2020-03-25T17:00:56Z" finished-at="2020-03-25T17:00:56Z">
          <reporter-output>
          </reporter-output>
        </test-method> <!-- get -->
      </class> <!-- com.java.iqadvance.ExpectionTest -->
    </test> <!-- Default test -->
  </suite> <!-- Default suite -->
</testng-results>
