<?xml version="1.0" encoding="UTF-8"?>
<testng-results skipped="0" failed="0" ignored="0" total="1" passed="1">
  <reporter-output>
  </reporter-output>
  <suite name="Default suite" duration-ms="46" started-at="2020-03-17T12:19:35Z" finished-at="2020-03-17T12:19:35Z">
    <groups>
    </groups>
    <test name="Default test" duration-ms="46" started-at="2020-03-17T12:19:35Z" finished-at="2020-03-17T12:19:35Z">
      <class name="com.java.iqadvance.ExpectionTest">
        <test-method status="PASS" signature="sumTest()[pri:0, instance:com.java.iqadvance.ExpectionTest@5e5792a0]" name="sumTest" duration-ms="17" started-at="2020-03-17T17:49:35Z" finished-at="2020-03-17T17:49:35Z">
          <reporter-output>
          </reporter-output>
        </test-method> <!-- sumTest -->
      </class> <!-- com.java.iqadvance.ExpectionTest -->
    </test> <!-- Default test -->
  </suite> <!-- Default suite -->
</testng-results>
